Replace Part * 0393570009 in C:\Users\gabriel\Documents\School\MSE 312\H_Bridge\Power Stage.SchDoc with 0393570009 from SCH_SYMBOLS.SchLib
Replace Part C1 UVR2A102MRD6 in C:\Users\gabriel\Documents\School\MSE 312\H_Bridge\Power Stage.SchDoc with UVR2A102MRD6 from SCH_SYMBOLS.SchLib
Replace Part C2 UVR2A102MRD6 in C:\Users\gabriel\Documents\School\MSE 312\H_Bridge\Power Stage.SchDoc with UVR2A102MRD6 from SCH_SYMBOLS.SchLib
Replace Part C3 C3216X5R1E106K160AB in C:\Users\gabriel\Documents\School\MSE 312\H_Bridge\Power Stage.SchDoc with C3216X5R1E106K160AB from SCH_SYMBOLS.SchLib
Replace Part C4 C3216X5R1E106K160AB in C:\Users\gabriel\Documents\School\MSE 312\H_Bridge\Power Stage.SchDoc with C3216X5R1E106K160AB from SCH_SYMBOLS.SchLib
Replace Part C5 GCM21BR71E105KA56L in C:\Users\gabriel\Documents\School\MSE 312\H_Bridge\Power Stage.SchDoc with GCM21BR71E105KA56L from SCH_SYMBOLS.SchLib
Replace Part C6 GCM21BR71E105KA56L in C:\Users\gabriel\Documents\School\MSE 312\H_Bridge\Power Stage.SchDoc with GCM21BR71E105KA56L from SCH_SYMBOLS.SchLib
Replace Part C7 0805ZC105KAT2A in C:\Users\gabriel\Documents\School\MSE 312\H_Bridge\Power Stage.SchDoc with 0805ZC105KAT2A from SCH_SYMBOLS.SchLib
Replace Part C8 0805ZC105KAT2A in C:\Users\gabriel\Documents\School\MSE 312\H_Bridge\Power Stage.SchDoc with 0805ZC105KAT2A from SCH_SYMBOLS.SchLib
Replace Part D1 1N4148X-TP in C:\Users\gabriel\Documents\School\MSE 312\H_Bridge\Power Stage.SchDoc with 1N4148X-TP from SCH_SYMBOLS.SchLib
Replace Part D2 1N4148X-TP in C:\Users\gabriel\Documents\School\MSE 312\H_Bridge\Power Stage.SchDoc with 1N4148X-TP from SCH_SYMBOLS.SchLib
Replace Part D3 CDBA540-HF in C:\Users\gabriel\Documents\School\MSE 312\H_Bridge\Power Stage.SchDoc with CDBA540-HF from SCH_SYMBOLS.SchLib
Replace Part D4 CDBA540-HF in C:\Users\gabriel\Documents\School\MSE 312\H_Bridge\Power Stage.SchDoc with CDBA540-HF from SCH_SYMBOLS.SchLib
Replace Part D5 CDBA540-HF in C:\Users\gabriel\Documents\School\MSE 312\H_Bridge\Power Stage.SchDoc with CDBA540-HF from SCH_SYMBOLS.SchLib
Replace Part D6 CDBA540-HF in C:\Users\gabriel\Documents\School\MSE 312\H_Bridge\Power Stage.SchDoc with CDBA540-HF from SCH_SYMBOLS.SchLib
Replace Part D7 S3BB-TP in C:\Users\gabriel\Documents\School\MSE 312\H_Bridge\Power Stage.SchDoc with S3BB-TP from SCH_SYMBOLS.SchLib
Replace Part D8 LTST-C191TBKT-5A in C:\Users\gabriel\Documents\School\MSE 312\H_Bridge\Power Stage.SchDoc with LTST-C191TBKT-5A from SCH_SYMBOLS.SchLib
Replace Part J2 ED555/2DS in C:\Users\gabriel\Documents\School\MSE 312\H_Bridge\Power Stage.SchDoc with ED555/2DS from SCH_SYMBOLS.SchLib
Replace Part JP1 61300311121 in C:\Users\gabriel\Documents\School\MSE 312\H_Bridge\Power Stage.SchDoc with 61300311121 from SCH_SYMBOLS.SchLib
Replace Part JP2 61300311121 in C:\Users\gabriel\Documents\School\MSE 312\H_Bridge\Power Stage.SchDoc with 61300311121 from SCH_SYMBOLS.SchLib
Replace Part Q1 IRFZ44ESTRLPBF in C:\Users\gabriel\Documents\School\MSE 312\H_Bridge\Power Stage.SchDoc with IRFZ44ESTRLPBF from SCH_SYMBOLS.SchLib
Replace Part Q2 IRFZ44ESTRLPBF in C:\Users\gabriel\Documents\School\MSE 312\H_Bridge\Power Stage.SchDoc with IRFZ44ESTRLPBF from SCH_SYMBOLS.SchLib
Replace Part Q3 IRFZ44ESTRLPBF in C:\Users\gabriel\Documents\School\MSE 312\H_Bridge\Power Stage.SchDoc with IRFZ44ESTRLPBF from SCH_SYMBOLS.SchLib
Replace Part Q4 IRFZ44ESTRLPBF in C:\Users\gabriel\Documents\School\MSE 312\H_Bridge\Power Stage.SchDoc with IRFZ44ESTRLPBF from SCH_SYMBOLS.SchLib
Replace Part Q5 IRFZ44ESTRLPBF in C:\Users\gabriel\Documents\School\MSE 312\H_Bridge\Power Stage.SchDoc with IRFZ44ESTRLPBF from SCH_SYMBOLS.SchLib
Replace Part R1 ERA-6AEB102V in C:\Users\gabriel\Documents\School\MSE 312\H_Bridge\Power Stage.SchDoc with ERA-6AEB102V from SCH_SYMBOLS.SchLib
Replace Part R2 WSC251550R00FEA in C:\Users\gabriel\Documents\School\MSE 312\H_Bridge\Power Stage.SchDoc with WSC251550R00FEA from SCH_SYMBOLS.SchLib
Replace Part R3 ERA-6AEB102V in C:\Users\gabriel\Documents\School\MSE 312\H_Bridge\Power Stage.SchDoc with ERA-6AEB102V from SCH_SYMBOLS.SchLib
Replace Part U1 LT1160IS#PBF in C:\Users\gabriel\Documents\School\MSE 312\H_Bridge\Power Stage.SchDoc with LT1160IS#PBF from SCH_SYMBOLS.SchLib
Replace Part U2 LT1160IS#PBF in C:\Users\gabriel\Documents\School\MSE 312\H_Bridge\Power Stage.SchDoc with LT1160IS#PBF from SCH_SYMBOLS.SchLib
Replace Part U3 SI8645BA-B-IUR in C:\Users\gabriel\Documents\School\MSE 312\H_Bridge\Power Stage.SchDoc with SI8645BA-B-IUR from SCH_SYMBOLS.SchLib
Replace Part U4 R-78E5.0-1.0 in C:\Users\gabriel\Documents\School\MSE 312\H_Bridge\Power Stage.SchDoc with R-78E5.0-1.0 from SCH_SYMBOLS.SchLib
Replace Part U5 NC7WZ14P6X in C:\Users\gabriel\Documents\School\MSE 312\H_Bridge\Power Stage.SchDoc with NC7WZ14P6X from SCH_SYMBOLS.SchLib
